2026-05-02 13:08:51,860 - INFO - ===== RUN START =====
2026-05-02 13:08:51,861 - INFO - Fetching Nifty 50 ETF (NIFTYBEES.NS)
2026-05-02 13:08:52,374 - INFO - Nifty 50 ETF: 157 weekly rows
2026-05-02 13:08:52,376 - INFO - Nifty 50 ETF: OK  avg_mom=-0.0360  above_ma=False  vol=0.125
2026-05-02 13:08:52,376 - INFO - Fetching Nifty Next 50 ETF (JUNIORBEES.NS)
2026-05-02 13:08:52,501 - INFO - Nifty Next 50 ETF: 157 weekly rows
2026-05-02 13:08:52,502 - INFO - Nifty Next 50 ETF: OK  avg_mom=0.0488  above_ma=True  vol=0.169
2026-05-02 13:08:52,502 - INFO - Fetching Nifty Midcap 150 ETF (MID150BEES.NS)
2026-05-02 13:08:52,629 - INFO - Nifty Midcap 150 ETF: 157 weekly rows
2026-05-02 13:08:52,630 - INFO - Nifty Midcap 150 ETF: OK  avg_mom=0.0431  above_ma=True  vol=0.163
2026-05-02 13:08:52,630 - INFO - Fetching Gold ETF (GOLDCASE.NS)
2026-05-02 13:08:52,749 - INFO - Gold ETF: 114 weekly rows
2026-05-02 13:08:52,750 - INFO - Gold ETF: OK  avg_mom=0.2529  above_ma=True  vol=0.225
2026-05-02 13:08:52,750 - INFO - Fetching Bharat Bond ETF (EBBETF0431.NS)
2026-05-02 13:08:52,880 - INFO - Bharat Bond ETF: 157 weekly rows
2026-05-02 13:08:52,881 - INFO - Bharat Bond ETF: OK  avg_mom=0.0182  above_ma=True  vol=0.027
2026-05-02 13:08:52,881 - INFO - Fetching NASDAQ ETF (MON100.NS)
2026-05-02 13:08:53,007 - INFO - NASDAQ ETF: 157 weekly rows
2026-05-02 13:08:53,008 - INFO - NASDAQ ETF: OK  avg_mom=0.4539  above_ma=True  vol=0.250
2026-05-02 13:08:53,008 - INFO - Nifty 50 ETF: avg_mom=-0.0360  vol_z=-0.49  vol_adj=1.243  trend_adj=0.5  score=-0.0224
2026-05-02 13:08:53,008 - INFO - Nifty Next 50 ETF: avg_mom=+0.0488  vol_z=+0.13  vol_adj=0.936  trend_adj=1.0  score=+0.0456
2026-05-02 13:08:53,008 - INFO - Nifty Midcap 150 ETF: avg_mom=+0.0431  vol_z=+0.05  vol_adj=0.975  trend_adj=1.0  score=+0.0421
2026-05-02 13:08:53,008 - INFO - Gold ETF: avg_mom=+0.2529  vol_z=+0.90  vol_adj=0.549  trend_adj=1.0  score=+0.1388
2026-05-02 13:08:53,008 - INFO - Bharat Bond ETF: avg_mom=+0.0182  vol_z=-1.84  vol_adj=1.919  trend_adj=1.0  score=+0.0350
2026-05-02 13:08:53,008 - INFO - NASDAQ ETF: avg_mom=+0.4539  vol_z=+1.24  vol_adj=0.378  trend_adj=1.0  score=+0.1714
2026-05-02 13:08:53,008 - INFO - Final allocation: {'Nifty 50 ETF': '1.65%', 'Nifty Next 50 ETF': '12.90%', 'Nifty Midcap 150 ETF': '12.31%', 'Gold ETF': '28.30%', 'Bharat Bond ETF': '11.13%', 'NASDAQ ETF': '33.70%'}
2026-05-02 13:08:53,041 - INFO - Allocation: {'Nifty 50 ETF': '1.65%', 'Nifty Next 50 ETF': '12.90%', 'Nifty Midcap 150 ETF': '12.31%', 'Gold ETF': '28.30%', 'Bharat Bond ETF': '11.13%', 'NASDAQ ETF': '33.70%'}
2026-05-02 13:08:53,041 - INFO - ===== RUN SUCCESS =====
